2014-09-15 02:47:12 Error: [MissingControllerException] Controller class CssController could not be found.
Exception Attributes: array (
  'class' => 'CssController',
  'plugin' => NULL,
)
Request URL: /trabalho/css/cake.generic.css
Stack Trace:
#0 /Applications/MAMP/htdocs/trabalho/app/webroot/index.php(108): Dispatcher->dispatch(Object(CakeRequest), Object(CakeResponse))
#1 {main}
2014-09-15 02:47:39 Error: [MissingControllerException] Controller class CssController could not be found.
Exception Attributes: array (
  'class' => 'CssController',
  'plugin' => NULL,
)
Request URL: /trabalho/css/cake.generic.css
Stack Trace:
#0 /Applications/MAMP/htdocs/trabalho/app/webroot/index.php(108): Dispatcher->dispatch(Object(CakeRequest), Object(CakeResponse))
#1 {main}
2014-09-15 02:50:04 Error: [MissingControllerException] Controller class WebrootController could not be found.
Exception Attributes: array (
  'class' => 'WebrootController',
  'plugin' => NULL,
)
Request URL: /trabalho/webroot/videos/home.mp4
Stack Trace:
#0 /Applications/MAMP/htdocs/trabalho/app/webroot/index.php(108): Dispatcher->dispatch(Object(CakeRequest), Object(CakeResponse))
#1 {main}
2014-09-15 02:50:12 Error: [MissingControllerException] Controller class WebrootController could not be found.
Exception Attributes: array (
  'class' => 'WebrootController',
  'plugin' => NULL,
)
Request URL: /trabalho/webroot/videos/home.mp4
Stack Trace:
#0 /Applications/MAMP/htdocs/trabalho/app/webroot/index.php(108): Dispatcher->dispatch(Object(CakeRequest), Object(CakeResponse))
#1 {main}
2014-09-21 01:31:14 Error: Fatal Error (4): syntax error, unexpected '}' in [/Applications/MAMP/htdocs/affinity/app/Controller/UsersController.php, line 19]
2014-09-21 01:31:14 Error: [FatalErrorException] syntax error, unexpected '}'
Request URL: /affinity/users/registration
Stack Trace:
#0 /Applications/MAMP/htdocs/affinity/lib/Cake/Error/ErrorHandler.php(203): ErrorHandler::handleFatalError(4, 'syntax error, u...', '/Applications/M...', 19)
#1 [internal function]: ErrorHandler::handleError(4, 'syntax error, u...', '/Applications/M...', 19, Array)
#2 /Applications/MAMP/htdocs/affinity/lib/Cake/Core/App.php(931): call_user_func('ErrorHandler::h...', 4, 'syntax error, u...', '/Applications/M...', 19, Array)
#3 /Applications/MAMP/htdocs/affinity/lib/Cake/Core/App.php(904): App::_checkFatalError()
#4 [internal function]: App::shutdown()
#5 {main}
2014-09-21 01:31:44 Error: [MissingActionException] Action UsersController::registration() could not be found.
Exception Attributes: array (
  'controller' => 'UsersController',
  'action' => 'registration',
)
Request URL: /affinity/users/registration
Stack Trace:
#0 /Applications/MAMP/htdocs/affinity/lib/Cake/Routing/Dispatcher.php(191): Controller->invokeAction(Object(CakeRequest))
#1 /Applications/MAMP/htdocs/affinity/lib/Cake/Routing/Dispatcher.php(165): Dispatcher->_invoke(Object(UsersController), Object(CakeRequest))
#2 /Applications/MAMP/htdocs/affinity/app/webroot/index.php(108): Dispatcher->dispatch(Object(CakeRequest), Object(CakeResponse))
#3 {main}
2014-09-21 01:31:58 Error: Fatal Error (4): syntax error, unexpected '   ' (T_STRING), expecting ')' in [/Applications/MAMP/htdocs/affinity/app/Model/User.php, line 19]
2014-09-21 01:31:58 Error: [FatalErrorException] syntax error, unexpected '   ' (T_STRING), expecting ')'
Request URL: /affinity/users/register
Stack Trace:
#0 /Applications/MAMP/htdocs/affinity/lib/Cake/Error/ErrorHandler.php(203): ErrorHandler::handleFatalError(4, 'syntax error, u...', '/Applications/M...', 19)
#1 [internal function]: ErrorHandler::handleError(4, 'syntax error, u...', '/Applications/M...', 19, Array)
#2 /Applications/MAMP/htdocs/affinity/lib/Cake/Core/App.php(931): call_user_func('ErrorHandler::h...', 4, 'syntax error, u...', '/Applications/M...', 19, Array)
#3 /Applications/MAMP/htdocs/affinity/lib/Cake/Core/App.php(904): App::_checkFatalError()
#4 [internal function]: App::shutdown()
#5 {main}
2014-09-21 01:32:25 Error: Fatal Error (4): syntax error, unexpected '   ' (T_STRING), expecting ')' in [/Applications/MAMP/htdocs/affinity/app/Model/User.php, line 19]
2014-09-21 01:32:25 Error: [FatalErrorException] syntax error, unexpected '   ' (T_STRING), expecting ')'
Request URL: /affinity/users/register
Stack Trace:
#0 /Applications/MAMP/htdocs/affinity/lib/Cake/Error/ErrorHandler.php(203): ErrorHandler::handleFatalError(4, 'syntax error, u...', '/Applications/M...', 19)
#1 [internal function]: ErrorHandler::handleError(4, 'syntax error, u...', '/Applications/M...', 19, Array)
#2 /Applications/MAMP/htdocs/affinity/lib/Cake/Core/App.php(931): call_user_func('ErrorHandler::h...', 4, 'syntax error, u...', '/Applications/M...', 19, Array)
#3 /Applications/MAMP/htdocs/affinity/lib/Cake/Core/App.php(904): App::_checkFatalError()
#4 [internal function]: App::shutdown()
#5 {main}
2014-09-21 01:32:27 Error: Fatal Error (4): syntax error, unexpected '   ' (T_STRING), expecting ')' in [/Applications/MAMP/htdocs/affinity/app/Model/User.php, line 19]
2014-09-21 01:32:27 Error: [FatalErrorException] syntax error, unexpected '   ' (T_STRING), expecting ')'
Request URL: /affinity/users/register
Stack Trace:
#0 /Applications/MAMP/htdocs/affinity/lib/Cake/Error/ErrorHandler.php(203): ErrorHandler::handleFatalError(4, 'syntax error, u...', '/Applications/M...', 19)
#1 [internal function]: ErrorHandler::handleError(4, 'syntax error, u...', '/Applications/M...', 19, Array)
#2 /Applications/MAMP/htdocs/affinity/lib/Cake/Core/App.php(931): call_user_func('ErrorHandler::h...', 4, 'syntax error, u...', '/Applications/M...', 19, Array)
#3 /Applications/MAMP/htdocs/affinity/lib/Cake/Core/App.php(904): App::_checkFatalError()
#4 [internal function]: App::shutdown()
#5 {main}
2014-09-21 01:32:28 Error: Fatal Error (4): syntax error, unexpected '   ' (T_STRING), expecting ')' in [/Applications/MAMP/htdocs/affinity/app/Model/User.php, line 19]
2014-09-21 01:32:28 Error: [FatalErrorException] syntax error, unexpected '   ' (T_STRING), expecting ')'
Request URL: /affinity/users/register
Stack Trace:
#0 /Applications/MAMP/htdocs/affinity/lib/Cake/Error/ErrorHandler.php(203): ErrorHandler::handleFatalError(4, 'syntax error, u...', '/Applications/M...', 19)
#1 [internal function]: ErrorHandler::handleError(4, 'syntax error, u...', '/Applications/M...', 19, Array)
#2 /Applications/MAMP/htdocs/affinity/lib/Cake/Core/App.php(931): call_user_func('ErrorHandler::h...', 4, 'syntax error, u...', '/Applications/M...', 19, Array)
#3 /Applications/MAMP/htdocs/affinity/lib/Cake/Core/App.php(904): App::_checkFatalError()
#4 [internal function]: App::shutdown()
#5 {main}
2014-09-21 01:32:29 Error: Fatal Error (4): syntax error, unexpected '   ' (T_STRING), expecting ')' in [/Applications/MAMP/htdocs/affinity/app/Model/User.php, line 19]
2014-09-21 01:32:29 Error: [FatalErrorException] syntax error, unexpected '   ' (T_STRING), expecting ')'
Request URL: /affinity/users/register
Stack Trace:
#0 /Applications/MAMP/htdocs/affinity/lib/Cake/Error/ErrorHandler.php(203): ErrorHandler::handleFatalError(4, 'syntax error, u...', '/Applications/M...', 19)
#1 [internal function]: ErrorHandler::handleError(4, 'syntax error, u...', '/Applications/M...', 19, Array)
#2 /Applications/MAMP/htdocs/affinity/lib/Cake/Core/App.php(931): call_user_func('ErrorHandler::h...', 4, 'syntax error, u...', '/Applications/M...', 19, Array)
#3 /Applications/MAMP/htdocs/affinity/lib/Cake/Core/App.php(904): App::_checkFatalError()
#4 [internal function]: App::shutdown()
#5 {main}
2014-09-21 01:32:29 Error: Fatal Error (4): syntax error, unexpected '   ' (T_STRING), expecting ')' in [/Applications/MAMP/htdocs/affinity/app/Model/User.php, line 19]
2014-09-21 01:32:29 Error: [FatalErrorException] syntax error, unexpected '   ' (T_STRING), expecting ')'
Request URL: /affinity/users/register
Stack Trace:
#0 /Applications/MAMP/htdocs/affinity/lib/Cake/Error/ErrorHandler.php(203): ErrorHandler::handleFatalError(4, 'syntax error, u...', '/Applications/M...', 19)
#1 [internal function]: ErrorHandler::handleError(4, 'syntax error, u...', '/Applications/M...', 19, Array)
#2 /Applications/MAMP/htdocs/affinity/lib/Cake/Core/App.php(931): call_user_func('ErrorHandler::h...', 4, 'syntax error, u...', '/Applications/M...', 19, Array)
#3 /Applications/MAMP/htdocs/affinity/lib/Cake/Core/App.php(904): App::_checkFatalError()
#4 [internal function]: App::shutdown()
#5 {main}
2014-09-21 01:32:45 Error: Fatal Error (4): syntax error, unexpected '   ' (T_STRING), expecting ')' in [/Applications/MAMP/htdocs/affinity/app/Model/User.php, line 19]
2014-09-21 01:32:45 Error: [FatalErrorException] syntax error, unexpected '   ' (T_STRING), expecting ')'
Request URL: /affinity/users/register
Stack Trace:
#0 /Applications/MAMP/htdocs/affinity/lib/Cake/Error/ErrorHandler.php(203): ErrorHandler::handleFatalError(4, 'syntax error, u...', '/Applications/M...', 19)
#1 [internal function]: ErrorHandler::handleError(4, 'syntax error, u...', '/Applications/M...', 19, Array)
#2 /Applications/MAMP/htdocs/affinity/lib/Cake/Core/App.php(931): call_user_func('ErrorHandler::h...', 4, 'syntax error, u...', '/Applications/M...', 19, Array)
#3 /Applications/MAMP/htdocs/affinity/lib/Cake/Core/App.php(904): App::_checkFatalError()
#4 [internal function]: App::shutdown()
#5 {main}
2014-09-21 01:32:45 Error: Fatal Error (4): syntax error, unexpected '   ' (T_STRING), expecting ')' in [/Applications/MAMP/htdocs/affinity/app/Model/User.php, line 19]
2014-09-21 01:32:45 Error: [FatalErrorException] syntax error, unexpected '   ' (T_STRING), expecting ')'
Request URL: /affinity/users/register
Stack Trace:
#0 /Applications/MAMP/htdocs/affinity/lib/Cake/Error/ErrorHandler.php(203): ErrorHandler::handleFatalError(4, 'syntax error, u...', '/Applications/M...', 19)
#1 [internal function]: ErrorHandler::handleError(4, 'syntax error, u...', '/Applications/M...', 19, Array)
#2 /Applications/MAMP/htdocs/affinity/lib/Cake/Core/App.php(931): call_user_func('ErrorHandler::h...', 4, 'syntax error, u...', '/Applications/M...', 19, Array)
#3 /Applications/MAMP/htdocs/affinity/lib/Cake/Core/App.php(904): App::_checkFatalError()
#4 [internal function]: App::shutdown()
#5 {main}
2014-09-21 01:34:26 Error: Fatal Error (4): syntax error, unexpected '=>' (T_DOUBLE_ARROW) in [/Applications/MAMP/htdocs/affinity/app/View/Users/register.ctp, line 4]
2014-09-21 01:34:26 Error: [FatalErrorException] syntax error, unexpected '=>' (T_DOUBLE_ARROW)
Request URL: /affinity/users/register
Stack Trace:
#0 /Applications/MAMP/htdocs/affinity/lib/Cake/Error/ErrorHandler.php(203): ErrorHandler::handleFatalError(4, 'syntax error, u...', '/Applications/M...', 4)
#1 [internal function]: ErrorHandler::handleError(4, 'syntax error, u...', '/Applications/M...', 4, Array)
#2 /Applications/MAMP/htdocs/affinity/lib/Cake/Core/App.php(931): call_user_func('ErrorHandler::h...', 4, 'syntax error, u...', '/Applications/M...', 4, Array)
#3 /Applications/MAMP/htdocs/affinity/lib/Cake/Core/App.php(904): App::_checkFatalError()
#4 [internal function]: App::shutdown()
#5 {main}
2014-09-21 02:00:58 Error: [BadRequestException] The request has been black-holed
Request URL: /affinity/users/register
Stack Trace:
#0 /Applications/MAMP/htdocs/affinity/lib/Cake/Controller/Component/SecurityComponent.php(242): SecurityComponent->blackHole(Object(UsersController), 'csrf')
#1 [internal function]: SecurityComponent->startup(Object(UsersController))
#2 /Applications/MAMP/htdocs/affinity/lib/Cake/Utility/ObjectCollection.php(128): call_user_func_array(Array, Array)
#3 [internal function]: ObjectCollection->trigger(Object(CakeEvent))
#4 /Applications/MAMP/htdocs/affinity/lib/Cake/Event/CakeEventManager.php(242): call_user_func(Array, Object(CakeEvent))
#5 /Applications/MAMP/htdocs/affinity/lib/Cake/Controller/Controller.php(675): CakeEventManager->dispatch(Object(CakeEvent))
#6 /Applications/MAMP/htdocs/affinity/lib/Cake/Routing/Dispatcher.php(187): Controller->startupProcess()
#7 /Applications/MAMP/htdocs/affinity/lib/Cake/Routing/Dispatcher.php(165): Dispatcher->_invoke(Object(UsersController), Object(CakeRequest))
#8 /Applications/MAMP/htdocs/affinity/app/webroot/index.php(108): Dispatcher->dispatch(Object(CakeRequest), Object(CakeResponse))
#9 {main}
2014-09-21 02:02:01 Error: [BadRequestException] The request has been black-holed
Request URL: /affinity/users/register
Stack Trace:
#0 /Applications/MAMP/htdocs/affinity/lib/Cake/Controller/Component/SecurityComponent.php(242): SecurityComponent->blackHole(Object(UsersController), 'csrf')
#1 [internal function]: SecurityComponent->startup(Object(UsersController))
#2 /Applications/MAMP/htdocs/affinity/lib/Cake/Utility/ObjectCollection.php(128): call_user_func_array(Array, Array)
#3 [internal function]: ObjectCollection->trigger(Object(CakeEvent))
#4 /Applications/MAMP/htdocs/affinity/lib/Cake/Event/CakeEventManager.php(242): call_user_func(Array, Object(CakeEvent))
#5 /Applications/MAMP/htdocs/affinity/lib/Cake/Controller/Controller.php(675): CakeEventManager->dispatch(Object(CakeEvent))
#6 /Applications/MAMP/htdocs/affinity/lib/Cake/Routing/Dispatcher.php(187): Controller->startupProcess()
#7 /Applications/MAMP/htdocs/affinity/lib/Cake/Routing/Dispatcher.php(165): Dispatcher->_invoke(Object(UsersController), Object(CakeRequest))
#8 /Applications/MAMP/htdocs/affinity/app/webroot/index.php(108): Dispatcher->dispatch(Object(CakeRequest), Object(CakeResponse))
#9 {main}
2014-09-21 02:03:49 Error: [BadRequestException] The request has been black-holed
Request URL: /affinity/users/register
Stack Trace:
#0 /Applications/MAMP/htdocs/affinity/lib/Cake/Controller/Component/SecurityComponent.php(242): SecurityComponent->blackHole(Object(UsersController), 'csrf')
#1 [internal function]: SecurityComponent->startup(Object(UsersController))
#2 /Applications/MAMP/htdocs/affinity/lib/Cake/Utility/ObjectCollection.php(128): call_user_func_array(Array, Array)
#3 [internal function]: ObjectCollection->trigger(Object(CakeEvent))
#4 /Applications/MAMP/htdocs/affinity/lib/Cake/Event/CakeEventManager.php(242): call_user_func(Array, Object(CakeEvent))
#5 /Applications/MAMP/htdocs/affinity/lib/Cake/Controller/Controller.php(675): CakeEventManager->dispatch(Object(CakeEvent))
#6 /Applications/MAMP/htdocs/affinity/lib/Cake/Routing/Dispatcher.php(187): Controller->startupProcess()
#7 /Applications/MAMP/htdocs/affinity/lib/Cake/Routing/Dispatcher.php(165): Dispatcher->_invoke(Object(UsersController), Object(CakeRequest))
#8 /Applications/MAMP/htdocs/affinity/app/webroot/index.php(108): Dispatcher->dispatch(Object(CakeRequest), Object(CakeResponse))
#9 {main}
2014-09-21 02:04:08 Error: Fatal Error (4): syntax error, unexpected '     ' (T_STRING), expecting ')' in [/Applications/MAMP/htdocs/affinity/app/Model/User.php, line 17]
2014-09-21 02:04:08 Error: [FatalErrorException] syntax error, unexpected '     ' (T_STRING), expecting ')'
Request URL: /affinity/users/register
Stack Trace:
#0 /Applications/MAMP/htdocs/affinity/lib/Cake/Error/ErrorHandler.php(203): ErrorHandler::handleFatalError(4, 'syntax error, u...', '/Applications/M...', 17)
#1 [internal function]: ErrorHandler::handleError(4, 'syntax error, u...', '/Applications/M...', 17, Array)
#2 /Applications/MAMP/htdocs/affinity/lib/Cake/Core/App.php(931): call_user_func('ErrorHandler::h...', 4, 'syntax error, u...', '/Applications/M...', 17, Array)
#3 /Applications/MAMP/htdocs/affinity/lib/Cake/Core/App.php(904): App::_checkFatalError()
#4 [internal function]: App::shutdown()
#5 {main}
2014-09-21 02:04:10 Error: Fatal Error (4): syntax error, unexpected '     ' (T_STRING), expecting ')' in [/Applications/MAMP/htdocs/affinity/app/Model/User.php, line 17]
2014-09-21 02:04:10 Error: [FatalErrorException] syntax error, unexpected '     ' (T_STRING), expecting ')'
Request URL: /affinity/users/register
Stack Trace:
#0 /Applications/MAMP/htdocs/affinity/lib/Cake/Error/ErrorHandler.php(203): ErrorHandler::handleFatalError(4, 'syntax error, u...', '/Applications/M...', 17)
#1 [internal function]: ErrorHandler::handleError(4, 'syntax error, u...', '/Applications/M...', 17, Array)
#2 /Applications/MAMP/htdocs/affinity/lib/Cake/Core/App.php(931): call_user_func('ErrorHandler::h...', 4, 'syntax error, u...', '/Applications/M...', 17, Array)
#3 /Applications/MAMP/htdocs/affinity/lib/Cake/Core/App.php(904): App::_checkFatalError()
#4 [internal function]: App::shutdown()
#5 {main}
2014-09-21 02:53:17 Error: Fatal Error (4): syntax error, unexpected '$this' (T_VARIABLE), expecting function (T_FUNCTION) in [/Applications/MAMP/htdocs/affinity/app/Controller/UsersController.php, line 5]
2014-09-21 02:53:17 Error: [FatalErrorException] syntax error, unexpected '$this' (T_VARIABLE), expecting function (T_FUNCTION)
Request URL: /affinity/users/register
Stack Trace:
#0 /Applications/MAMP/htdocs/affinity/lib/Cake/Error/ErrorHandler.php(203): ErrorHandler::handleFatalError(4, 'syntax error, u...', '/Applications/M...', 5)
#1 [internal function]: ErrorHandler::handleError(4, 'syntax error, u...', '/Applications/M...', 5, Array)
#2 /Applications/MAMP/htdocs/affinity/lib/Cake/Core/App.php(931): call_user_func('ErrorHandler::h...', 4, 'syntax error, u...', '/Applications/M...', 5, Array)
#3 /Applications/MAMP/htdocs/affinity/lib/Cake/Core/App.php(904): App::_checkFatalError()
#4 [internal function]: App::shutdown()
#5 {main}
2014-09-21 02:53:18 Error: Fatal Error (4): syntax error, unexpected '$this' (T_VARIABLE), expecting function (T_FUNCTION) in [/Applications/MAMP/htdocs/affinity/app/Controller/UsersController.php, line 5]
2014-09-21 02:53:18 Error: [FatalErrorException] syntax error, unexpected '$this' (T_VARIABLE), expecting function (T_FUNCTION)
Request URL: /affinity/users/register
Stack Trace:
#0 /Applications/MAMP/htdocs/affinity/lib/Cake/Error/ErrorHandler.php(203): ErrorHandler::handleFatalError(4, 'syntax error, u...', '/Applications/M...', 5)
#1 [internal function]: ErrorHandler::handleError(4, 'syntax error, u...', '/Applications/M...', 5, Array)
#2 /Applications/MAMP/htdocs/affinity/lib/Cake/Core/App.php(931): call_user_func('ErrorHandler::h...', 4, 'syntax error, u...', '/Applications/M...', 5, Array)
#3 /Applications/MAMP/htdocs/affinity/lib/Cake/Core/App.php(904): App::_checkFatalError()
#4 [internal function]: App::shutdown()
#5 {main}
